<?xml version="1.0" encoding="UTF-8"?>
<!-- Generated by org.testng.reporters.JUnitReportReporter -->
<testsuite hostname="DESKTOP-1GVQKM6" failures="0" tests="3" name="testNGSample.TestNGAnnotations" time="0.008" errors="0" timestamp="2022-08-23T12:30:01 IST" skipped="0">
  <testcase classname="testNGSample.TestNGAnnotations" name="test3" time="0.004"/>
  <system-out/>
  <testcase classname="testNGSample.TestNGAnnotations" name="test2" time="0.002"/>
  <system-out/>
  <testcase classname="testNGSample.TestNGAnnotations" name="test1" time="0.002"/>
  <system-out/>
</testsuite> <!-- testNGSample.TestNGAnnotations -->
