<?xml version="1.0" encoding="UTF-8"?>
<!-- Generated by org.testng.reporters.JUnitReportReporter -->
<testsuite hostname="DESKTOP-1GVQKM6" failures="0" tests="2" name="testNGSample.BeforeAfterTestSample" time="0.017" errors="0" timestamp="2022-08-23T12:30:01 IST" skipped="0">
  <testcase classname="testNGSample.BeforeAfterTestSample" name="test1" time="0.015"/>
  <system-out/>
  <testcase classname="testNGSample.BeforeAfterTestSample" name="test2" time="0.002"/>
  <system-out/>
</testsuite> <!-- testNGSample.BeforeAfterTestSample -->
