<?xml version="1.0" encoding="UTF-8"?>
<!-- Generated by org.testng.reporters.JUnitReportReporter -->
<testsuite hostname="DESKTOP-1GVQKM6" failures="0" tests="7" name="testNGSample.Priority" time="0.042" errors="0" timestamp="2022-08-23T12:24:12 IST" skipped="0">
  <testcase classname="testNGSample.Priority" name="test2" time="0.017"/>
  <system-out/>
  <testcase classname="testNGSample.Priority" name="test5" time="0.008"/>
  <system-out/>
  <testcase classname="testNGSample.Priority" name="test4" time="0.005"/>
  <system-out/>
  <testcase classname="testNGSample.Priority" name="test7" time="0.002"/>
  <system-out/>
  <testcase classname="testNGSample.Priority" name="test3" time="0.004"/>
  <system-out/>
  <testcase classname="testNGSample.Priority" name="test1" time="0.004"/>
  <system-out/>
  <testcase classname="testNGSample.Priority" name="test6" time="0.002"/>
  <system-out/>
</testsuite> <!-- testNGSample.Priority -->
