<?xml version="1.0" encoding="UTF-8"?>
<!-- Generated by org.testng.reporters.JUnitReportReporter -->
<testsuite hostname="DESKTOP-1GVQKM6" failures="0" tests="2" name="testNGSample.TestNGSample2" time="0.033" errors="0" timestamp="2022-08-22T18:29:19 IST" skipped="0">
  <testcase classname="testNGSample.TestNGSample2" name="test2" time="0.019"/>
  <system-out/>
  <testcase classname="testNGSample.TestNGSample2" name="test1" time="0.014"/>
  <system-out/>
</testsuite> <!-- testNGSample.TestNGSample2 -->
