<?xml version="1.0" encoding="UTF-8"?>
<!-- Generated by org.testng.reporters.JUnitReportReporter -->
<testsuite hostname="DESKTOP-1GVQKM6" failures="0" tests="3" name="testNGSample.ParallelTesting" time="56.490" errors="0" timestamp="2022-08-24T15:46:40 IST" skipped="0">
  <testcase classname="testNGSample.ParallelTesting" name="executeSessionTwo" time="18.843"/>
  <system-out/>
  <testcase classname="testNGSample.ParallelTesting" name="executSessionOne" time="18.795"/>
  <system-out/>
  <testcase classname="testNGSample.ParallelTesting" name="executSessionThree" time="18.852"/>
  <system-out/>
</testsuite> <!-- testNGSample.ParallelTesting -->
