<?xml version="1.0" encoding="UTF-8"?>
<!-- Generated by org.testng.reporters.JUnitReportReporter -->
<testsuite hostname="DESKTOP-1GVQKM6" failures="0" tests="1" name="testNGSample.ExcelFileRead" time="0.017" errors="0" timestamp="2022-08-22T18:29:19 IST" skipped="0">
  <testcase classname="testNGSample.ExcelFileRead" name="f" time="0.017"/>
  <system-out/>
</testsuite> <!-- testNGSample.ExcelFileRead -->
