<?xml version="1.0" encoding="UTF-8"?>
<!-- Generated by org.testng.reporters.JUnitReportReporter -->
<testsuite hostname="DESKTOP-1GVQKM6" failures="0" tests="2" name="testNGSample.GroupTesting" time="0.034" errors="0" timestamp="2022-08-24T15:57:30 IST" skipped="0">
  <testcase classname="testNGSample.GroupTesting" name="method1" time="0.018"/>
  <system-out/>
  <testcase classname="testNGSample.GroupTesting" name="method5" time="0.016"/>
  <system-out/>
</testsuite> <!-- testNGSample.GroupTesting -->
