<?xml version="1.0" encoding="UTF-8"?>
<!-- Generated by org.testng.reporters.JUnitReportReporter -->
<testsuite hostname="DESKTOP-1GVQKM6" failures="0" tests="5" name="testNGSample.Dependency" time="0.026" errors="0" timestamp="2022-08-23T13:00:14 IST" skipped="0">
  <testcase classname="testNGSample.Dependency" name="method4" time="0.002"/>
  <system-out/>
  <testcase classname="testNGSample.Dependency" name="method3" time="0.002"/>
  <system-out/>
  <testcase classname="testNGSample.Dependency" name="method1" time="0.003"/>
  <system-out/>
  <testcase classname="testNGSample.Dependency" name="method2" time="0.015"/>
  <system-out/>
  <testcase classname="testNGSample.Dependency" name="method5" time="0.004"/>
  <system-out/>
</testsuite> <!-- testNGSample.Dependency -->
