<?xml version="1.0" encoding="UTF-8"?>
<!-- Generated by org.testng.reporters.JUnitReportReporter -->
<testsuite hostname="DESKTOP-1GVQKM6" failures="0" tests="4" name="testNGSample.SampleTestNG" time="0.037" errors="0" timestamp="2022-08-22T09:41:49 IST" skipped="0">
  <testcase classname="testNGSample.SampleTestNG" name="f4" time="0.006"/>
  <system-out/>
  <testcase classname="testNGSample.SampleTestNG" name="f2" time="0.008"/>
  <system-out/>
  <testcase classname="testNGSample.SampleTestNG" name="f3" time="0.005"/>
  <system-out/>
  <testcase classname="testNGSample.SampleTestNG" name="f1" time="0.018"/>
  <system-out/>
</testsuite> <!-- testNGSample.SampleTestNG -->
