<?xml version="1.0" encoding="UTF-8"?>
<!-- Generated by org.testng.reporters.JUnitReportReporter -->
<testsuite hostname="DESKTOP-1GVQKM6" failures="0" tests="6" name="testNGSample.TestNGSample" time="0.059" errors="0" timestamp="2022-08-22T18:29:19 IST" skipped="0">
  <testcase classname="testNGSample.TestNGSample" name="markAsStar" time="0.005"/>
  <system-out/>
  <testcase classname="testNGSample.TestNGSample" name="logout" time="0.017"/>
  <system-out/>
  <testcase classname="testNGSample.TestNGSample" name="login" time="0.026"/>
  <system-out/>
  <testcase classname="testNGSample.TestNGSample" name="delMail" time="0.006"/>
  <system-out/>
  <testcase classname="testNGSample.TestNGSample" name="markAsInput" time="0.003"/>
  <system-out/>
  <testcase classname="testNGSample.TestNGSample" name="dropEmail" time="0.002"/>
  <system-out/>
</testsuite> <!-- testNGSample.TestNGSample -->
