<?xml version="1.0" encoding="UTF-8"?>
<!-- Generated by org.testng.reporters.JUnitReportReporter -->
<testsuite hostname="DESKTOP-1GVQKM6" failures="0" tests="3" name="testNGSample.ParallelTesting" time="41.961" errors="0" timestamp="2022-08-28T16:29:25 IST" skipped="0">
  <testcase classname="testNGSample.ParallelTesting" name="executSessionOne" time="9.633"/>
  <system-out/>
  <testcase classname="testNGSample.ParallelTesting" name="executSessionThree" time="12.017"/>
  <system-out/>
  <testcase classname="testNGSample.ParallelTesting" name="executeSessionTwo" time="20.311"/>
  <system-out/>
</testsuite> <!-- testNGSample.ParallelTesting -->
